<?xml version="1.0" encoding="UTF-8"?>
<testsuite name="TestNormal" tests="5" skipped="0" failures="0" errors="0" timestamp="2023-03-27T16:36:11" hostname="limoncello" time="0.001">
  <properties/>
  <testcase name="test_void" classname="TestNormal" time="0.0"/>
  <testcase name="test_random" classname="TestNormal" time="0.001"/>
  <testcase name="test_not_null" classname="TestNormal" time="0.0"/>
  <testcase name="test_basic_modified" classname="TestNormal" time="0.0"/>
  <testcase name="test_basic" classname="TestNormal" time="0.0"/>
  <system-out><![CDATA[]]></system-out>
  <system-err><![CDATA[]]></system-err>
</testsuite>
