<?xml version="1.0" encoding="UTF-8"?>
<testsuite name="TestIdentifier" tests="4" skipped="0" failures="0" errors="0" timestamp="2023-03-27T16:36:11" hostname="limoncello" time="0.008">
  <properties/>
  <testcase name="test_random_identifier" classname="TestIdentifier" time="0.007"/>
  <testcase name="test_recognize_tabulation" classname="TestIdentifier" time="0.0"/>
  <testcase name="test_recognize_end_of_line" classname="TestIdentifier" time="0.0"/>
  <testcase name="test_recognize_identifier" classname="TestIdentifier" time="0.001"/>
  <system-out><![CDATA[]]></system-out>
  <system-err><![CDATA[]]></system-err>
</testsuite>
