<?xml version="1.0" encoding="UTF-8"?>
<testsuite name="TestStrings" tests="2" skipped="0" failures="0" errors="0" timestamp="2023-03-27T16:36:11" hostname="limoncello" time="0.001">
  <properties/>
  <testcase name="test_recognize_strings" classname="TestStrings" time="0.001"/>
  <testcase name="test_random_strings" classname="TestStrings" time="0.0"/>
  <system-out><![CDATA[]]></system-out>
  <system-err><![CDATA[]]></system-err>
</testsuite>
