<?xml version="1.0" encoding="UTF-8"?>
<testsuite name="TestKeyword" tests="15" skipped="0" failures="0" errors="0" timestamp="2023-03-27T16:36:11" hostname="limoncello" time="0.005">
  <properties/>
  <testcase name="test_random" classname="TestKeyword" time="0.002"/>
  <testcase name="test_recognize_by" classname="TestKeyword" time="0.0"/>
  <testcase name="test_recognize_if" classname="TestKeyword" time="0.0"/>
  <testcase name="test_recognize_or" classname="TestKeyword" time="0.0"/>
  <testcase name="test_recognize_to" classname="TestKeyword" time="0.0"/>
  <testcase name="test_recognize_const" classname="TestKeyword" time="0.001"/>
  <testcase name="test_recognize_while" classname="TestKeyword" time="0.0"/>
  <testcase name="test_recognize_else" classname="TestKeyword" time="0.0"/>
  <testcase name="test_recognize_proc" classname="TestKeyword" time="0.0"/>
  <testcase name="test_recognize_and" classname="TestKeyword" time="0.0"/>
  <testcase name="test_recognize_for" classname="TestKeyword" time="0.0"/>
  <testcase name="test_recognize_val" classname="TestKeyword" time="0.0"/>
  <testcase name="test_recognize_var" classname="TestKeyword" time="0.0"/>
  <testcase name="test_recognize_record" classname="TestKeyword" time="0.001"/>
  <testcase name="test_recognize_return" classname="TestKeyword" time="0.0"/>
  <system-out><![CDATA[]]></system-out>
  <system-err><![CDATA[]]></system-err>
</testsuite>
